<?xml version="1.0" encoding="UTF-8"?>
<testsuite name="br.com.btg.playgames.jokenpo.service.MoveServiceTest" tests="9" skipped="0" failures="0" errors="0" timestamp="2020-06-06T01:27:44" hostname="MacBook-Pro-de-Ivo.local" time="0.988">
  <properties/>
  <testcase name="insertOneMovement" classname="br.com.btg.playgames.jokenpo.service.MoveServiceTest" time="0.89"/>
  <testcase name="insertMovementForDifferentPlayersWithSucess" classname="br.com.btg.playgames.jokenpo.service.MoveServiceTest" time="0.012"/>
  <testcase name="playersWithoutMovements" classname="br.com.btg.playgames.jokenpo.service.MoveServiceTest" time="0.008"/>
  <testcase name="deleteOneMovementAfterInsertAnotherWithSucess" classname="br.com.btg.playgames.jokenpo.service.MoveServiceTest" time="0.012"/>
  <testcase name="deleteOneMovementWithSucess" classname="br.com.btg.playgames.jokenpo.service.MoveServiceTest" time="0.013"/>
  <testcase name="insertDuplicatedMovementForSamePlayerAndSameMovementWithException" classname="br.com.btg.playgames.jokenpo.service.MoveServiceTest" time="0.01"/>
  <testcase name="insertManyPlayersForTestWithSucess" classname="br.com.btg.playgames.jokenpo.service.MoveServiceTest" time="0.006"/>
  <testcase name="insertDuplicatedMovementForSamePlayerWithException" classname="br.com.btg.playgames.jokenpo.service.MoveServiceTest" time="0.012"/>
  <testcase name="clearAllMovementsWithSucess" classname="br.com.btg.playgames.jokenpo.service.MoveServiceTest" time="0.008"/>
  <system-out><![CDATA[22:27:39.019 [Test worker] DEBUG org.springframework.test.context.junit4.SpringJUnit4ClassRunner - SpringJUnit4ClassRunner constructor called with [class br.com.btg.playgames.jokenpo.service.MoveServiceTest]
22:27:39.041 [Test worker] DEBUG org.springframework.test.context.BootstrapUtils - Instantiating CacheAwareContextLoaderDelegate from class [org.springframework.test.context.cache.DefaultCacheAwareContextLoaderDelegate]
22:27:39.062 [Test worker] DEBUG org.springframework.test.context.BootstrapUtils - Instantiating BootstrapContext using constructor [public org.springframework.test.context.support.DefaultBootstrapContext(java.lang.Class,org.springframework.test.context.CacheAwareContextLoaderDelegate)]
22:27:39.158 [Test worker] DEBUG org.springframework.test.context.BootstrapUtils - Instantiating TestContextBootstrapper for test class [br.com.btg.playgames.jokenpo.service.MoveServiceTest] from class [org.springframework.boot.test.context.SpringBootTestContextBootstrapper]
22:27:39.195 [Test worker] INFO org.springframework.boot.test.context.SpringBootTestContextBootstrapper - Neither @ContextConfiguration nor @ContextHierarchy found for test class [br.com.btg.playgames.jokenpo.service.MoveServiceTest], using SpringBootContextLoader
22:27:39.206 [Test worker] DEBUG org.springframework.test.context.support.AbstractContextLoader - Did not detect default resource location for test class [br.com.btg.playgames.jokenpo.service.MoveServiceTest]: class path resource [br/com/btg/playgames/jokenpo/service/MoveServiceTest-context.xml] does not exist
22:27:39.208 [Test worker] DEBUG org.springframework.test.context.support.AbstractContextLoader - Did not detect default resource location for test class [br.com.btg.playgames.jokenpo.service.MoveServiceTest]: class path resource [br/com/btg/playgames/jokenpo/service/MoveServiceTestContext.groovy] does not exist
22:27:39.209 [Test worker] INFO org.springframework.test.context.support.AbstractContextLoader - Could not detect default resource locations for test class [br.com.btg.playgames.jokenpo.service.MoveServiceTest]: no resource found for suffixes {-context.xml, Context.groovy}.
22:27:39.212 [Test worker] INFO org.springframework.test.context.support.AnnotationConfigContextLoaderUtils - Could not detect default configuration classes for test class [br.com.btg.playgames.jokenpo.service.MoveServiceTest]: MoveServiceTest does not declare any static, non-private, non-final, nested classes annotated with @Configuration.
22:27:39.632 [Test worker] DEBUG org.springframework.context.annotation.ClassPathScanningCandidateComponentProvider - Identified candidate component class: file [/Users/ivo/Desktop/projetos/btg-jokenpo-master/jokenpo/build/classes/java/main/br/com/btg/playgames/jokenpo/JokenpoApplication.class]
22:27:39.641 [Test worker] INFO org.springframework.boot.test.context.SpringBootTestContextBootstrapper - Found @SpringBootConfiguration br.com.btg.playgames.jokenpo.JokenpoApplication for test class br.com.btg.playgames.jokenpo.service.MoveServiceTest
22:27:39.869 [Test worker] DEBUG org.springframework.boot.test.context.SpringBootTestContextBootstrapper - @TestExecutionListeners is not present for class [br.com.btg.playgames.jokenpo.service.MoveServiceTest]: using defaults.
22:27:39.870 [Test worker] INFO org.springframework.boot.test.context.SpringBootTestContextBootstrapper - Loaded default TestExecutionListener class names from location [META-INF/spring.factories]: [org.springframework.boot.test.autoconfigure.restdocs.RestDocsTestExecutionListener, org.springframework.boot.test.autoconfigure.web.client.MockRestServiceServerResetTestExecutionListener, org.springframework.boot.test.autoconfigure.web.servlet.MockMvcPrintOnlyOnFailureTestExecutionListener, org.springframework.boot.test.autoconfigure.web.servlet.WebDriverTestExecutionListener, org.springframework.boot.test.mock.mockito.MockitoTestExecutionListener, org.springframework.boot.test.mock.mockito.ResetMocksTestExecutionListener, org.springframework.test.context.web.ServletTestExecutionListener, org.springframework.test.context.support.DirtiesContextBeforeModesTestExecutionListener, org.springframework.test.context.support.DependencyInjectionTestExecutionListener, org.springframework.test.context.support.DirtiesContextTestExecutionListener, org.springframework.test.context.transaction.TransactionalTestExecutionListener, org.springframework.test.context.jdbc.SqlScriptsTestExecutionListener, org.springframework.test.context.event.EventPublishingTestExecutionListener]
22:27:39.899 [Test worker] INFO org.springframework.boot.test.context.SpringBootTestContextBootstrapper - Using TestExecutionListeners: [org.springframework.test.context.web.ServletTestExecutionListener@225f5273, org.springframework.test.context.support.DirtiesContextBeforeModesTestExecutionListener@5e396b93, org.springframework.boot.test.mock.mockito.MockitoTestExecutionListener@3d092586, org.springframework.boot.test.autoconfigure.SpringBootDependencyInjectionTestExecutionListener@735f9acc, org.springframework.test.context.support.DirtiesContextTestExecutionListener@2bcb921e, org.springframework.test.context.transaction.TransactionalTestExecutionListener@3e3b0107, org.springframework.test.context.jdbc.SqlScriptsTestExecutionListener@4a6a2653, org.springframework.test.context.event.EventPublishingTestExecutionListener@456c4c28, org.springframework.boot.test.autoconfigure.restdocs.RestDocsTestExecutionListener@32407df9, org.springframework.boot.test.autoconfigure.web.client.MockRestServiceServerResetTestExecutionListener@5415718f, org.springframework.boot.test.autoconfigure.web.servlet.MockMvcPrintOnlyOnFailureTestExecutionListener@4fd69de0, org.springframework.boot.test.autoconfigure.web.servlet.WebDriverTestExecutionListener@68fc853e, org.springframework.boot.test.mock.mockito.ResetMocksTestExecutionListener@5962826d]
22:27:39.915 [Test worker] DEBUG org.springframework.test.annotation.ProfileValueUtils - Retrieved @ProfileValueSourceConfiguration [null] for test class [br.com.btg.playgames.jokenpo.service.MoveServiceTest]
22:27:39.917 [Test worker] DEBUG org.springframework.test.annotation.ProfileValueUtils - Retrieved ProfileValueSource type [class org.springframework.test.annotation.SystemProfileValueSource] for class [br.com.btg.playgames.jokenpo.service.MoveServiceTest]
22:27:39.924 [Test worker] DEBUG org.springframework.test.annotation.ProfileValueUtils - Retrieved @ProfileValueSourceConfiguration [null] for test class [br.com.btg.playgames.jokenpo.service.MoveServiceTest]
22:27:39.924 [Test worker] DEBUG org.springframework.test.annotation.ProfileValueUtils - Retrieved ProfileValueSource type [class org.springframework.test.annotation.SystemProfileValueSource] for class [br.com.btg.playgames.jokenpo.service.MoveServiceTest]
22:27:39.925 [Test worker] DEBUG org.springframework.test.annotation.ProfileValueUtils - Retrieved @ProfileValueSourceConfiguration [null] for test class [br.com.btg.playgames.jokenpo.service.MoveServiceTest]
22:27:39.925 [Test worker] DEBUG org.springframework.test.annotation.ProfileValueUtils - Retrieved ProfileValueSource type [class org.springframework.test.annotation.SystemProfileValueSource] for class [br.com.btg.playgames.jokenpo.service.MoveServiceTest]
22:27:39.931 [Test worker] DEBUG org.springframework.test.context.support.AbstractDirtiesContextTestExecutionListener - Before test class: context [DefaultTestContext@af5542e testClass = MoveServiceTest, testInstance = [null], testMethod = [null], testException = [null], mergedContextConfiguration = [WebMergedContextConfiguration@79f2ec2c testClass = MoveServiceTest, locations = '{}', classes = '{class br.com.btg.playgames.jokenpo.JokenpoApplication}', contextInitializerClasses = '[]', activeProfiles = '{test}', propertySourceLocations = '{}', propertySourceProperties = '{org.springframework.boot.test.context.SpringBootTestContextBootstrapper=true}', contextCustomizers = set[org.springframework.boot.test.autoconfigure.properties.PropertyMappingContextCustomizer@0, org.springframework.boot.test.autoconfigure.web.servlet.WebDriverContextCustomizerFactory$Customizer@5b47fddc, org.springframework.boot.test.context.filter.ExcludeFilterContextCustomizer@4d2409d5, org.springframework.boot.test.json.DuplicateJsonObjectContextCustomizerFactory$DuplicateJsonObjectContextCustomizer@1ad94fb9, org.springframework.boot.test.mock.mockito.MockitoContextCustomizer@0, org.springframework.boot.test.web.client.TestRestTemplateContextCustomizer@628336ec], resourceBasePath = 'src/main/webapp', contextLoader = 'org.springframework.boot.test.context.SpringBootContextLoader', parent = [null]], attributes = map['org.springframework.test.context.web.ServletTestExecutionListener.activateListener' -> true]], class annotated with @DirtiesContext [false] with mode [null].
22:27:39.935 [Test worker] DEBUG org.springframework.test.annotation.ProfileValueUtils - Retrieved @ProfileValueSourceConfiguration [null] for test class [br.com.btg.playgames.jokenpo.service.MoveServiceTest]
22:27:39.935 [Test worker] DEBUG org.springframework.test.annotation.ProfileValueUtils - Retrieved ProfileValueSource type [class org.springframework.test.annotation.SystemProfileValueSource] for class [br.com.btg.playgames.jokenpo.service.MoveServiceTest]
22:27:39.980 [Test worker] DEBUG org.springframework.test.context.support.TestPropertySourceUtils - Adding inlined properties to environment: {spring.jmx.enabled=false, org.springframework.boot.test.context.SpringBootTestContextBootstrapper=true, server.port=-1}
LOGBACK: No context given for c.q.l.core.rolling.SizeAndTimeBasedRollingPolicy@1429278551

  .   ____          _            __ _ _
 /\\ / ___'_ __ _ _(_)_ __  __ _ \ \ \ \
( ( )\___ | '_ | '_| | '_ \/ _` | \ \ \ \
 \\/  ___)| |_)| | | | | || (_| |  ) ) ) )
  '  |____| .__|_| |_|_| |_\__, | / / / /
 =========|_|==============|___/=/_/_/_/
 :: Spring Boot ::        (v2.2.6.RELEASE)

2020-06-05 22:27:40 - Refreshing org.springframework.web.context.support.GenericWebApplicationContext@4a9a26ac
2020-06-05 22:27:43 - ControllerAdvice beans: 0 @ModelAttribute, 0 @InitBinder, 1 RequestBodyAdvice, 1 ResponseBodyAdvice
2020-06-05 22:27:44 - 10 mappings in 'requestMappingHandlerMapping'
2020-06-05 22:27:44 - Patterns [/webjars/**, /**] in 'resourceHandlerMapping'
2020-06-05 22:27:44 - ControllerAdvice beans: 0 @ExceptionHandler, 1 ResponseBodyAdvice
2020-06-05 22:27:45 - Movement already exists for these player
2020-06-05 22:27:45 - Movement already exists for these player
]]></system-out>
  <system-err><![CDATA[]]></system-err>
</testsuite>
