<?xml version="1.0" encoding="UTF-8"?>
<testsuite name="br.com.btg.playgames.jokenpo.controller.PlayerControllerTest" tests="3" skipped="0" failures="0" errors="0" timestamp="2020-06-06T02:12:15" hostname="MacBook-Pro-de-Ivo.local" time="0.142">
  <properties/>
  <testcase name="insertPlayerAPI" classname="br.com.btg.playgames.jokenpo.controller.PlayerControllerTest" time="0.064"/>
  <testcase name="deletePlayerByNameAPI" classname="br.com.btg.playgames.jokenpo.controller.PlayerControllerTest" time="0.049"/>
  <testcase name="getAllWithoutAnyPlayersInsertedAPI" classname="br.com.btg.playgames.jokenpo.controller.PlayerControllerTest" time="0.023"/>
  <system-out><![CDATA[2020-06-05 23:12:15 - HTTP POST http://localhost:57558/v1/btg/jokenpo/player
2020-06-05 23:12:15 - Accept=[text/plain, application/json, application/*+json, */*]
2020-06-05 23:12:15 - Writing [PlayerRequest{name='P1'}] with org.springframework.http.converter.json.MappingJackson2HttpMessageConverter
2020-06-05 23:12:15 - POST "/v1/btg/jokenpo/player", parameters={}
2020-06-05 23:12:15 - Mapped to br.com.btg.playgames.jokenpo.controller.PlayerController#insert(PlayerRequestDTO)
2020-06-05 23:12:15 - Read "application/json;charset=UTF-8" to [PlayerRequest{name='P1'}]
2020-06-05 23:12:15 - Using 'application/json', given [text/plain, application/json, application/*+json, */*] and supported [application/json, application/*+json, application/json, application/*+json]
2020-06-05 23:12:15 - Writing [br.com.btg.playgames.jokenpo.presenters.base.BaseDTO@6df7a72f]
2020-06-05 23:12:15 - Completed 200 OK
2020-06-05 23:12:15 - Response 200 OK
2020-06-05 23:12:15 - Reading to [java.lang.String] as "application/json"
2020-06-05 23:12:15 - HTTP GET http://localhost:57558/v1/btg/jokenpo/player
2020-06-05 23:12:15 - Accept=[text/plain, application/json, application/*+json, */*]
2020-06-05 23:12:15 - GET "/v1/btg/jokenpo/player", parameters={}
2020-06-05 23:12:15 - Mapped to br.com.btg.playgames.jokenpo.controller.PlayerController#getAll()
2020-06-05 23:12:15 - Using 'application/json', given [text/plain, application/json, application/*+json, */*] and supported [application/json, application/*+json, application/json, application/*+json]
2020-06-05 23:12:15 - Writing [br.com.btg.playgames.jokenpo.presenters.base.BaseDTO@2772a822]
2020-06-05 23:12:15 - Completed 200 OK
2020-06-05 23:12:15 - Response 200 OK
2020-06-05 23:12:15 - Reading to [java.lang.String] as "application/json"
2020-06-05 23:12:15 - HTTP DELETE http://localhost:57558/v1/btg/jokenpo/player/?playerName=P1
2020-06-05 23:12:15 - DELETE "/v1/btg/jokenpo/player/?playerName=P1", parameters={masked}
2020-06-05 23:12:15 - Mapped to br.com.btg.playgames.jokenpo.controller.PlayerController#deleteByPlayerName(String)
2020-06-05 23:12:15 - Player movement not found : P1
2020-06-05 23:12:15 - Using 'application/json', given [*/*] and supported [application/json, application/*+json, application/json, application/*+json]
2020-06-05 23:12:15 - Writing [br.com.btg.playgames.jokenpo.presenters.base.BaseDTO@4116b6aa]
2020-06-05 23:12:15 - Completed 200 OK
2020-06-05 23:12:15 - Response 200 OK
2020-06-05 23:12:15 - HTTP GET http://localhost:57558/v1/btg/jokenpo/player
2020-06-05 23:12:15 - Accept=[text/plain, application/json, application/*+json, */*]
2020-06-05 23:12:15 - GET "/v1/btg/jokenpo/player", parameters={}
2020-06-05 23:12:15 - Mapped to br.com.btg.playgames.jokenpo.controller.PlayerController#getAll()
2020-06-05 23:12:15 - Using 'application/json', given [text/plain, application/json, application/*+json, */*] and supported [application/json, application/*+json, application/json, application/*+json]
2020-06-05 23:12:15 - Writing [br.com.btg.playgames.jokenpo.presenters.base.BaseDTO@234ce263]
2020-06-05 23:12:15 - Completed 200 OK
2020-06-05 23:12:15 - Response 200 OK
2020-06-05 23:12:15 - Reading to [java.lang.String] as "application/json"
2020-06-05 23:12:15 - HTTP GET http://localhost:57558/v1/btg/jokenpo/player
2020-06-05 23:12:15 - Accept=[text/plain, application/json, application/*+json, */*]
2020-06-05 23:12:15 - GET "/v1/btg/jokenpo/player", parameters={}
2020-06-05 23:12:15 - Mapped to br.com.btg.playgames.jokenpo.controller.PlayerController#getAll()
2020-06-05 23:12:15 - Using 'application/json', given [text/plain, application/json, application/*+json, */*] and supported [application/json, application/*+json, application/json, application/*+json]
2020-06-05 23:12:15 - Writing [br.com.btg.playgames.jokenpo.presenters.base.BaseDTO@2edcec1a]
2020-06-05 23:12:15 - Completed 200 OK
2020-06-05 23:12:15 - Response 200 OK
2020-06-05 23:12:15 - Reading to [java.lang.String] as "application/json"
]]></system-out>
  <system-err><![CDATA[]]></system-err>
</testsuite>
